 33 iterations
 Performance counter stats for process id '49802':

         54,174.27 msec task-clock                #    1.000 CPUs utilized          
               622      context-switches          #   11.481 /sec                   
                 0      cpu-migrations            #    0.000 /sec                   
                 6      page-faults               #    0.111 /sec                   
   118,593,617,424      cycles                    #    2.189 GHz                      (75.00%)
   353,630,495,814      instructions              #    2.98  insn per cycle           (75.00%)
    15,237,787,482      branches                  #  281.274 M/sec                    (75.00%)
        29,620,814      branch-misses             #    0.19% of all branches          (75.00%)

      54.190615448 seconds time elapsed

5iterations
 Performance counter stats for process id '50714':

          8,851.20 msec task-clock                #    1.000 CPUs utilized          
               175      context-switches          #   19.771 /sec                   
                 0      cpu-migrations            #    0.000 /sec                   
            13,073      page-faults               #    1.477 K/sec                  
    19,376,310,067      cycles                    #    2.189 GHz                      (74.97%)
    58,170,814,333      instructions              #    3.00  insn per cycle           (75.01%)
     2,536,860,094      branches                  #  286.612 M/sec                    (75.03%)
         4,676,151      branch-misses             #    0.18% of all branches          (75.00%)

       8.854415242 seconds time elapsed

150 it
 Performance counter stats for process id '51505':

        260,615.33 msec task-clock                #    1.000 CPUs utilized          
             2,024      context-switches          #    7.766 /sec                   
                 0      cpu-migrations            #    0.000 /sec                   
             5,882      page-faults               #   22.570 /sec                   
   570,559,615,938      cycles                    #    2.189 GHz                      (75.00%)
 1,677,668,320,699      instructions              #    2.94  insn per cycle           (75.00%)
    72,145,477,982      branches                  #  276.827 M/sec                    (75.00%)
       502,919,976      branch-misses             #    0.70% of all branches          (75.00%)

     260.626114616 seconds time elapsed

150
 Performance counter stats for process id '53342':

        269,261.35 msec task-clock                #    1.000 CPUs utilized          
             1,935      context-switches          #    7.186 /sec                   
                 0      cpu-migrations            #    0.000 /sec                   
            10,278      page-faults               #   38.171 /sec                   
   589,447,340,304      cycles                    #    2.189 GHz                      (75.00%)
 1,677,752,329,408      instructions              #    2.85  insn per cycle           (75.01%)
    72,225,734,963      branches                  #  268.237 M/sec                    (75.00%)
       496,157,681      branch-misses             #    0.69% of all branches          (75.00%)

     269.306032022 seconds time elapsed


 Performance counter stats for process id '53784':

        262,149.15 msec task-clock                #    1.000 CPUs utilized          
             2,002      context-switches          #    7.637 /sec                   
                 0      cpu-migrations            #    0.000 /sec                   
            16,816      page-faults               #   64.147 /sec                   
   573,962,600,757      cycles                    #    2.189 GHz                      (75.00%)
 1,680,102,375,508      instructions              #    2.93  insn per cycle           (75.00%)
    72,222,801,187      branches                  #  275.503 M/sec                    (75.00%)
       505,901,350      branch-misses             #    0.70% of all branches          (75.00%)

     262.199286537 seconds time elapsed

//////////////////////////////////////////////
//////////////////////////////////////////////
//////////////////////////////////////////////
//////////////////////////////////////////////

150
 Performance counter stats for process id '18123':

        246,557.29 msec task-clock                #    1.000 CPUs utilized          
             2,315      context-switches          #    9.389 /sec                   
                 0      cpu-migrations            #    0.000 /sec                   
                 6      page-faults               #    0.024 /sec                   
   565,739,313,880      cycles                    #    2.295 GHz                    
 1,671,999,135,049      instructions              #    2.96  insn per cycle         
    71,859,781,177      branches                  #  291.453 M/sec                  
       503,934,691      branch-misses             #    0.70% of all branches        

     246.606659441 seconds time elapsed

